<?xml version="1.0" encoding="UTF-8"?>
<coverage generated="1623753933547" clover="3.2.0">
  <project timestamp="1623753933547" name="All files">
    <metrics statements="59" coveredstatements="58" conditionals="32" coveredconditionals="28" methods="24" coveredmethods="24" elements="115" coveredelements="110" complexity="0" loc="59" ncloc="59" packages="1" files="3" classes="3"/>
    <file name="app.js" path="/Users/I328501/git/Express-APIs/public/js/app.js">
      <metrics statements="25" coveredstatements="24" conditionals="8" coveredconditionals="7" methods="7" coveredmethods="7"/>
      <line num="1" count="1" type="stmt"/>
      <line num="2" count="1" type="stmt"/>
      <line num="3" count="1" type="stmt"/>
      <line num="5" count="1" type="stmt"/>
      <line num="6" count="1" type="stmt"/>
      <line num="9" count="1" type="stmt"/>
      <line num="10" count="3" type="stmt"/>
      <line num="11" count="3" type="cond" truecount="4" falsecount="0"/>
      <line num="14" count="1" type="stmt"/>
      <line num="19" count="5" type="stmt"/>
      <line num="20" count="5" type="cond" truecount="2" falsecount="0"/>
      <line num="21" count="2" type="stmt"/>
      <line num="24" count="3" type="stmt"/>
      <line num="25" count="3" type="stmt"/>
      <line num="26" count="3" type="stmt"/>
      <line num="32" count="1" type="stmt"/>
      <line num="36" count="3" type="stmt"/>
      <line num="37" count="3" type="cond" truecount="1" falsecount="1"/>
      <line num="38" count="0" type="stmt"/>
      <line num="41" count="3" type="stmt"/>
      <line num="43" count="3" type="stmt"/>
      <line num="50" count="1" type="stmt"/>
      <line num="51" count="2" type="stmt"/>
      <line num="53" count="2" type="stmt"/>
      <line num="58" count="1" type="stmt"/>
    </file>
    <file name="teams.js" path="/Users/I328501/git/Express-APIs/public/js/teams.js">
      <metrics statements="32" coveredstatements="32" conditionals="22" coveredconditionals="19" methods="16" coveredmethods="16"/>
      <line num="1" count="1" type="stmt"/>
      <line num="2" count="1" type="stmt"/>
      <line num="3" count="1" type="stmt"/>
      <line num="4" count="1" type="stmt"/>
      <line num="6" count="1" type="stmt"/>
      <line num="9" count="5" type="cond" truecount="2" falsecount="0"/>
      <line num="10" count="89" type="stmt"/>
      <line num="11" count="4" type="cond" truecount="2" falsecount="0"/>
      <line num="14" count="1" type="stmt"/>
      <line num="18" count="3" type="stmt"/>
      <line num="20" count="31" type="cond" truecount="4" falsecount="0"/>
      <line num="21" count="2" type="stmt"/>
      <line num="23" count="1" type="stmt"/>
      <line num="25" count="1" type="stmt"/>
      <line num="26" count="1" type="cond" truecount="1" falsecount="1"/>
      <line num="28" count="1" type="stmt"/>
      <line num="35" count="3" type="stmt"/>
      <line num="37" count="69" type="cond" truecount="6" falsecount="0"/>
      <line num="39" count="23" type="stmt"/>
      <line num="40" count="1" type="stmt"/>
      <line num="42" count="1" type="stmt"/>
      <line num="43" count="1" type="cond" truecount="1" falsecount="1"/>
      <line num="45" count="1" type="stmt"/>
      <line num="49" count="2" type="stmt"/>
      <line num="55" count="2" type="stmt"/>
      <line num="57" count="2" type="stmt"/>
      <line num="58" count="2" type="cond" truecount="2" falsecount="0"/>
      <line num="59" count="1" type="stmt"/>
      <line num="61" count="23" type="stmt"/>
      <line num="63" count="1" type="stmt"/>
      <line num="64" count="1" type="cond" truecount="1" falsecount="1"/>
      <line num="66" count="1" type="stmt"/>
    </file>
    <file name="utils.js" path="/Users/I328501/git/Express-APIs/public/js/utils.js">
      <metrics statements="2" coveredstatements="2" conditionals="2" coveredconditionals="2" methods="1" coveredmethods="1"/>
      <line num="1" count="2" type="stmt"/>
      <line num="3" count="12" type="stmt"/>
    </file>
  </project>
</coverage>
