{"/Users/I328501/git/Express-APIs/public/js/app.js": {"path":"/Users/I328501/git/Express-APIs/public/js/app.js","statementMap":{"0":{"start":{"line":1,"column":16},"end":{"line":1,"column":34}},"1":{"start":{"line":2,"column":33},"end":{"line":2,"column":61}},"2":{"start":{"line":3,"column":14},"end":{"line":3,"column":32}},"3":{"start":{"line":5,"column":10},"end":{"line":5,"column":19}},"4":{"start":{"line":6,"column":0},"end":{"line":6,"column":24}},"5":{"start":{"line":9,"column":0},"end":{"line":12,"column":3}},"6":{"start":{"line":10,"column":15},"end":{"line":10,"column":50}},"7":{"start":{"line":11,"column":4},"end":{"line":11,"column":95}},"8":{"start":{"line":14,"column":0},"end":{"line":30,"column":2}},"9":{"start":{"line":19,"column":25},"end":{"line":19,"column":50}},"10":{"start":{"line":20,"column":12},"end":{"line":28,"column":13}},"11":{"start":{"line":21,"column":16},"end":{"line":21,"column":70}},"12":{"start":{"line":24,"column":35},"end":{"line":24,"column":61}},"13":{"start":{"line":25,"column":16},"end":{"line":27,"column":19}},"14":{"start":{"line":26,"column":20},"end":{"line":26,"column":73}},"15":{"start":{"line":32,"column":0},"end":{"line":48,"column":2}},"16":{"start":{"line":36,"column":25},"end":{"line":36,"column":50}},"17":{"start":{"line":37,"column":12},"end":{"line":46,"column":13}},"18":{"start":{"line":38,"column":16},"end":{"line":38,"column":70}},"19":{"start":{"line":41,"column":16},"end":{"line":45,"column":18}},"20":{"start":{"line":43,"column":24},"end":{"line":43,"column":87}},"21":{"start":{"line":50,"column":0},"end":{"line":56,"column":3}},"22":{"start":{"line":51,"column":4},"end":{"line":55,"column":6}},"23":{"start":{"line":53,"column":12},"end":{"line":53,"column":75}},"24":{"start":{"line":58,"column":0},"end":{"line":58,"column":21}}},"fnMap":{"0":{"name":"(anonymous_0)","decl":{"start":{"line":9,"column":41},"end":{"line":9,"column":42}},"loc":{"start":{"line":9,"column":64},"end":{"line":12,"column":1}},"line":9},"1":{"name":"(anonymous_1)","decl":{"start":{"line":17,"column":8},"end":{"line":17,"column":9}},"loc":{"start":{"line":17,"column":31},"end":{"line":29,"column":9}},"line":17},"2":{"name":"(anonymous_2)","decl":{"start":{"line":25,"column":34},"end":{"line":25,"column":35}},"loc":{"start":{"line":25,"column":44},"end":{"line":27,"column":17}},"line":25},"3":{"name":"(anonymous_3)","decl":{"start":{"line":34,"column":8},"end":{"line":34,"column":9}},"loc":{"start":{"line":34,"column":31},"end":{"line":47,"column":9}},"line":34},"4":{"name":"(anonymous_4)","decl":{"start":{"line":42,"column":20},"end":{"line":42,"column":21}},"loc":{"start":{"line":42,"column":35},"end":{"line":44,"column":21}},"line":42},"5":{"name":"(anonymous_5)","decl":{"start":{"line":50,"column":32},"end":{"line":50,"column":33}},"loc":{"start":{"line":50,"column":55},"end":{"line":56,"column":1}},"line":50},"6":{"name":"(anonymous_6)","decl":{"start":{"line":52,"column":8},"end":{"line":52,"column":9}},"loc":{"start":{"line":52,"column":23},"end":{"line":54,"column":9}},"line":52}},"branchMap":{"0":{"loc":{"start":{"line":11,"column":20},"end":{"line":11,"column":51}},"type":"cond-expr","locations":[{"start":{"line":11,"column":34},"end":{"line":11,"column":45}},{"start":{"line":11,"column":48},"end":{"line":11,"column":51}}],"line":11},"1":{"loc":{"start":{"line":11,"column":58},"end":{"line":11,"column":93}},"type":"cond-expr","locations":[{"start":{"line":11,"column":74},"end":{"line":11,"column":87}},{"start":{"line":11,"column":89},"end":{"line":11,"column":93}}],"line":11},"2":{"loc":{"start":{"line":20,"column":12},"end":{"line":28,"column":13}},"type":"if","locations":[{"start":{"line":20,"column":12},"end":{"line":28,"column":13}},{"start":{"line":20,"column":12},"end":{"line":28,"column":13}}],"line":20},"3":{"loc":{"start":{"line":37,"column":12},"end":{"line":46,"column":13}},"type":"if","locations":[{"start":{"line":37,"column":12},"end":{"line":46,"column":13}},{"start":{"line":37,"column":12},"end":{"line":46,"column":13}}],"line":37}},"s":{"0":1,"1":1,"2":1,"3":1,"4":1,"5":1,"6":3,"7":3,"8":1,"9":7,"10":7,"11":4,"12":3,"13":3,"14":3,"15":1,"16":4,"17":4,"18":1,"19":3,"20":3,"21":1,"22":2,"23":2,"24":1},"f":{"0":3,"1":7,"2":3,"3":4,"4":3,"5":2,"6":2},"b":{"0":[1,2],"1":[1,2],"2":[4,3],"3":[1,3]},"_coverageSchema":"1a1c01bbd47fc00a2c39e90264f33305004495a9","hash":"69ea9805aa9fff3521611504b581dbfd76a31fe6"}
,"/Users/I328501/git/Express-APIs/public/js/teams.js": {"path":"/Users/I328501/git/Express-APIs/public/js/teams.js","statementMap":{"0":{"start":{"line":1,"column":11},"end":{"line":1,"column":24}},"1":{"start":{"line":2,"column":13},"end":{"line":2,"column":28}},"2":{"start":{"line":3,"column":14},"end":{"line":3,"column":32}},"3":{"start":{"line":6,"column":0},"end":{"line":6,"column":111}},"4":{"start":{"line":8,"column":15},"end":{"line":8,"column":45}},"5":{"start":{"line":10,"column":0},"end":{"line":75,"column":1}},"6":{"start":{"line":13,"column":8},"end":{"line":18,"column":28}},"7":{"start":{"line":14,"column":25},"end":{"line":14,"column":71}},"8":{"start":{"line":14,"column":49},"end":{"line":14,"column":70}},"9":{"start":{"line":15,"column":12},"end":{"line":15,"column":96}},"10":{"start":{"line":18,"column":12},"end":{"line":18,"column":28}},"11":{"start":{"line":22,"column":8},"end":{"line":35,"column":11}},"12":{"start":{"line":24,"column":12},"end":{"line":34,"column":13}},"13":{"start":{"line":24,"column":38},"end":{"line":24,"column":100}},"14":{"start":{"line":25,"column":16},"end":{"line":25,"column":115}},"15":{"start":{"line":27,"column":16},"end":{"line":27,"column":43}},"16":{"start":{"line":29,"column":16},"end":{"line":33,"column":19}},"17":{"start":{"line":30,"column":20},"end":{"line":30,"column":38}},"18":{"start":{"line":30,"column":28},"end":{"line":30,"column":38}},"19":{"start":{"line":32,"column":20},"end":{"line":32,"column":103}},"20":{"start":{"line":39,"column":8},"end":{"line":55,"column":11}},"21":{"start":{"line":41,"column":12},"end":{"line":54,"column":13}},"22":{"start":{"line":41,"column":38},"end":{"line":41,"column":60}},"23":{"start":{"line":41,"column":89},"end":{"line":41,"column":143}},"24":{"start":{"line":43,"column":35},"end":{"line":43,"column":86}},"25":{"start":{"line":43,"column":63},"end":{"line":43,"column":85}},"26":{"start":{"line":44,"column":16},"end":{"line":44,"column":61}},"27":{"start":{"line":46,"column":16},"end":{"line":50,"column":19}},"28":{"start":{"line":47,"column":20},"end":{"line":47,"column":38}},"29":{"start":{"line":47,"column":28},"end":{"line":47,"column":38}},"30":{"start":{"line":49,"column":20},"end":{"line":49,"column":90}},"31":{"start":{"line":53,"column":16},"end":{"line":53,"column":126}},"32":{"start":{"line":59,"column":8},"end":{"line":73,"column":11}},"33":{"start":{"line":61,"column":30},"end":{"line":61,"column":48}},"34":{"start":{"line":62,"column":12},"end":{"line":72,"column":13}},"35":{"start":{"line":63,"column":16},"end":{"line":63,"column":80}},"36":{"start":{"line":65,"column":16},"end":{"line":65,"column":76}},"37":{"start":{"line":65,"column":52},"end":{"line":65,"column":74}},"38":{"start":{"line":67,"column":16},"end":{"line":71,"column":19}},"39":{"start":{"line":68,"column":20},"end":{"line":68,"column":38}},"40":{"start":{"line":68,"column":28},"end":{"line":68,"column":38}},"41":{"start":{"line":70,"column":20},"end":{"line":70,"column":90}}},"fnMap":{"0":{"name":"(anonymous_0)","decl":{"start":{"line":11,"column":9},"end":{"line":11,"column":10}},"loc":{"start":{"line":11,"column":28},"end":{"line":19,"column":4}},"line":11},"1":{"name":"(anonymous_1)","decl":{"start":{"line":14,"column":41},"end":{"line":14,"column":42}},"loc":{"start":{"line":14,"column":49},"end":{"line":14,"column":70}},"line":14},"2":{"name":"(anonymous_2)","decl":{"start":{"line":21,"column":12},"end":{"line":21,"column":13}},"loc":{"start":{"line":21,"column":33},"end":{"line":36,"column":5}},"line":21},"3":{"name":"(anonymous_3)","decl":{"start":{"line":22,"column":27},"end":{"line":22,"column":28}},"loc":{"start":{"line":22,"column":40},"end":{"line":35,"column":9}},"line":22},"4":{"name":"(anonymous_4)","decl":{"start":{"line":24,"column":29},"end":{"line":24,"column":30}},"loc":{"start":{"line":24,"column":38},"end":{"line":24,"column":100}},"line":24},"5":{"name":"(anonymous_5)","decl":{"start":{"line":29,"column":103},"end":{"line":29,"column":104}},"loc":{"start":{"line":29,"column":110},"end":{"line":33,"column":17}},"line":29},"6":{"name":"(anonymous_6)","decl":{"start":{"line":38,"column":12},"end":{"line":38,"column":13}},"loc":{"start":{"line":38,"column":44},"end":{"line":56,"column":5}},"line":38},"7":{"name":"(anonymous_7)","decl":{"start":{"line":39,"column":27},"end":{"line":39,"column":28}},"loc":{"start":{"line":39,"column":40},"end":{"line":55,"column":9}},"line":39},"8":{"name":"(anonymous_8)","decl":{"start":{"line":41,"column":29},"end":{"line":41,"column":30}},"loc":{"start":{"line":41,"column":38},"end":{"line":41,"column":60}},"line":41},"9":{"name":"(anonymous_9)","decl":{"start":{"line":41,"column":80},"end":{"line":41,"column":81}},"loc":{"start":{"line":41,"column":89},"end":{"line":41,"column":143}},"line":41},"10":{"name":"(anonymous_10)","decl":{"start":{"line":43,"column":54},"end":{"line":43,"column":55}},"loc":{"start":{"line":43,"column":63},"end":{"line":43,"column":85}},"line":43},"11":{"name":"(anonymous_11)","decl":{"start":{"line":46,"column":103},"end":{"line":46,"column":104}},"loc":{"start":{"line":46,"column":110},"end":{"line":50,"column":17}},"line":46},"12":{"name":"(anonymous_12)","decl":{"start":{"line":58,"column":12},"end":{"line":58,"column":13}},"loc":{"start":{"line":58,"column":31},"end":{"line":74,"column":5}},"line":58},"13":{"name":"(anonymous_13)","decl":{"start":{"line":59,"column":27},"end":{"line":59,"column":28}},"loc":{"start":{"line":59,"column":40},"end":{"line":73,"column":9}},"line":59},"14":{"name":"(anonymous_14)","decl":{"start":{"line":65,"column":43},"end":{"line":65,"column":44}},"loc":{"start":{"line":65,"column":52},"end":{"line":65,"column":74}},"line":65},"15":{"name":"(anonymous_15)","decl":{"start":{"line":67,"column":103},"end":{"line":67,"column":104}},"loc":{"start":{"line":67,"column":110},"end":{"line":71,"column":17}},"line":67}},"branchMap":{"0":{"loc":{"start":{"line":6,"column":24},"end":{"line":6,"column":110}},"type":"cond-expr","locations":[{"start":{"line":6,"column":63},"end":{"line":6,"column":86}},{"start":{"line":6,"column":89},"end":{"line":6,"column":110}}],"line":6},"1":{"loc":{"start":{"line":13,"column":8},"end":{"line":18,"column":28}},"type":"if","locations":[{"start":{"line":13,"column":8},"end":{"line":18,"column":28}},{"start":{"line":13,"column":8},"end":{"line":18,"column":28}}],"line":13},"2":{"loc":{"start":{"line":15,"column":20},"end":{"line":15,"column":94}},"type":"cond-expr","locations":[{"start":{"line":15,"column":41},"end":{"line":15,"column":85}},{"start":{"line":15,"column":88},"end":{"line":15,"column":94}}],"line":15},"3":{"loc":{"start":{"line":24,"column":12},"end":{"line":34,"column":13}},"type":"if","locations":[{"start":{"line":24,"column":12},"end":{"line":34,"column":13}},{"start":{"line":24,"column":12},"end":{"line":34,"column":13}}],"line":24},"4":{"loc":{"start":{"line":24,"column":38},"end":{"line":24,"column":100}},"type":"binary-expr","locations":[{"start":{"line":24,"column":38},"end":{"line":24,"column":68}},{"start":{"line":24,"column":72},"end":{"line":24,"column":100}}],"line":24},"5":{"loc":{"start":{"line":30,"column":20},"end":{"line":30,"column":38}},"type":"if","locations":[{"start":{"line":30,"column":20},"end":{"line":30,"column":38}},{"start":{"line":30,"column":20},"end":{"line":30,"column":38}}],"line":30},"6":{"loc":{"start":{"line":41,"column":12},"end":{"line":54,"column":13}},"type":"if","locations":[{"start":{"line":41,"column":12},"end":{"line":54,"column":13}},{"start":{"line":41,"column":12},"end":{"line":54,"column":13}}],"line":41},"7":{"loc":{"start":{"line":41,"column":15},"end":{"line":41,"column":144}},"type":"binary-expr","locations":[{"start":{"line":41,"column":15},"end":{"line":41,"column":61}},{"start":{"line":41,"column":65},"end":{"line":41,"column":144}}],"line":41},"8":{"loc":{"start":{"line":41,"column":89},"end":{"line":41,"column":143}},"type":"binary-expr","locations":[{"start":{"line":41,"column":89},"end":{"line":41,"column":117}},{"start":{"line":41,"column":121},"end":{"line":41,"column":143}}],"line":41},"9":{"loc":{"start":{"line":47,"column":20},"end":{"line":47,"column":38}},"type":"if","locations":[{"start":{"line":47,"column":20},"end":{"line":47,"column":38}},{"start":{"line":47,"column":20},"end":{"line":47,"column":38}}],"line":47},"10":{"loc":{"start":{"line":62,"column":12},"end":{"line":72,"column":13}},"type":"if","locations":[{"start":{"line":62,"column":12},"end":{"line":72,"column":13}},{"start":{"line":62,"column":12},"end":{"line":72,"column":13}}],"line":62},"11":{"loc":{"start":{"line":68,"column":20},"end":{"line":68,"column":38}},"type":"if","locations":[{"start":{"line":68,"column":20},"end":{"line":68,"column":38}},{"start":{"line":68,"column":20},"end":{"line":68,"column":38}}],"line":68}},"s":{"0":1,"1":1,"2":1,"3":1,"4":1,"5":1,"6":5,"7":4,"8":81,"9":4,"10":1,"11":3,"12":3,"13":29,"14":2,"15":1,"16":1,"17":1,"18":0,"19":1,"20":3,"21":3,"22":63,"23":23,"24":1,"25":21,"26":1,"27":1,"28":1,"29":0,"30":1,"31":2,"32":2,"33":2,"34":2,"35":1,"36":1,"37":21,"38":1,"39":1,"40":0,"41":1},"f":{"0":5,"1":81,"2":3,"3":3,"4":29,"5":1,"6":3,"7":3,"8":63,"9":23,"10":21,"11":1,"12":2,"13":2,"14":21,"15":1},"b":{"0":[0,1],"1":[4,1],"2":[2,2],"3":[2,1],"4":[29,28],"5":[0,1],"6":[1,2],"7":[3,2],"8":[23,1],"9":[0,1],"10":[1,1],"11":[0,1]},"_coverageSchema":"1a1c01bbd47fc00a2c39e90264f33305004495a9","hash":"cccc2c9ec8d91acc2b6e1d5dbf888d59dd04c396"}
,"/Users/I328501/git/Express-APIs/public/js/utils.js": {"path":"/Users/I328501/git/Express-APIs/public/js/utils.js","statementMap":{"0":{"start":{"line":1,"column":0},"end":{"line":8,"column":1}},"1":{"start":{"line":3,"column":8},"end":{"line":6,"column":18}}},"fnMap":{"0":{"name":"(anonymous_0)","decl":{"start":{"line":2,"column":17},"end":{"line":2,"column":18}},"loc":{"start":{"line":2,"column":37},"end":{"line":7,"column":5}},"line":2}},"branchMap":{"0":{"loc":{"start":{"line":4,"column":28},"end":{"line":4,"column":60}},"type":"cond-expr","locations":[{"start":{"line":4,"column":50},"end":{"line":4,"column":53}},{"start":{"line":4,"column":56},"end":{"line":4,"column":60}}],"line":4}},"s":{"0":2,"1":12},"f":{"0":12},"b":{"0":[3,9]},"_coverageSchema":"1a1c01bbd47fc00a2c39e90264f33305004495a9","hash":"81600c2374192fcf8f4ada70e761d5d184765a40"}
}
