TN:
SF:public/js/app.js
FN:9,(anonymous_0)
FN:17,(anonymous_1)
FN:26,(anonymous_2)
FN:35,(anonymous_3)
FN:43,(anonymous_4)
FN:51,(anonymous_5)
FN:53,(anonymous_6)
FNF:7
FNH:7
FNDA:3,(anonymous_0)
FNDA:5,(anonymous_1)
FNDA:3,(anonymous_2)
FNDA:3,(anonymous_3)
FNDA:3,(anonymous_4)
FNDA:2,(anonymous_5)
FNDA:2,(anonymous_6)
DA:1,1
DA:2,1
DA:3,1
DA:5,1
DA:6,1
DA:9,1
DA:10,3
DA:11,3
DA:14,1
DA:19,5
DA:20,5
DA:21,5
DA:22,2
DA:25,3
DA:26,3
DA:27,3
DA:33,1
DA:37,3
DA:38,3
DA:39,0
DA:42,3
DA:44,3
DA:51,1
DA:52,2
DA:54,2
DA:59,1
LF:26
LH:25
BRDA:11,0,0,1
BRDA:11,0,1,2
BRDA:11,1,0,1
BRDA:11,1,1,2
BRDA:21,2,0,2
BRDA:21,2,1,3
BRDA:38,3,0,0
BRDA:38,3,1,3
BRF:8
BRH:7
end_of_record
TN:
SF:public/js/teams.js
FN:7,(anonymous_0)
FN:10,(anonymous_1)
FN:17,(anonymous_2)
FN:18,(anonymous_3)
FN:20,(anonymous_4)
FN:25,(anonymous_5)
FN:34,(anonymous_6)
FN:35,(anonymous_7)
FN:37,(anonymous_8)
FN:37,(anonymous_9)
FN:39,(anonymous_10)
FN:42,(anonymous_11)
FN:54,(anonymous_12)
FN:55,(anonymous_13)
FN:61,(anonymous_14)
FN:63,(anonymous_15)
FNF:16
FNH:16
FNDA:5,(anonymous_0)
FNDA:81,(anonymous_1)
FNDA:3,(anonymous_2)
FNDA:3,(anonymous_3)
FNDA:29,(anonymous_4)
FNDA:1,(anonymous_5)
FNDA:3,(anonymous_6)
FNDA:3,(anonymous_7)
FNDA:63,(anonymous_8)
FNDA:23,(anonymous_9)
FNDA:21,(anonymous_10)
FNDA:1,(anonymous_11)
FNDA:2,(anonymous_12)
FNDA:2,(anonymous_13)
FNDA:21,(anonymous_14)
FNDA:1,(anonymous_15)
DA:1,1
DA:2,1
DA:3,1
DA:4,1
DA:6,1
DA:9,5
DA:10,81
DA:11,4
DA:14,1
DA:18,3
DA:20,29
DA:21,2
DA:23,1
DA:25,1
DA:26,1
DA:28,1
DA:35,3
DA:37,63
DA:39,21
DA:40,1
DA:42,1
DA:43,1
DA:45,1
DA:49,2
DA:55,2
DA:57,2
DA:58,2
DA:59,1
DA:61,21
DA:63,1
DA:64,1
DA:66,1
LF:32
LH:32
BRDA:9,0,0,4
BRDA:9,0,1,1
BRDA:11,1,0,2
BRDA:11,1,1,2
BRDA:20,2,0,2
BRDA:20,2,1,1
BRDA:20,3,0,29
BRDA:20,3,1,28
BRDA:26,4,0,0
BRDA:26,4,1,1
BRDA:37,5,0,1
BRDA:37,5,1,2
BRDA:37,6,0,3
BRDA:37,6,1,2
BRDA:37,7,0,23
BRDA:37,7,1,1
BRDA:43,8,0,0
BRDA:43,8,1,1
BRDA:58,9,0,1
BRDA:58,9,1,1
BRDA:64,10,0,0
BRDA:64,10,1,1
BRF:22
BRH:19
end_of_record
TN:
SF:public/js/utils.js
FN:2,(anonymous_0)
FNF:1
FNH:1
FNDA:12,(anonymous_0)
DA:1,2
DA:3,12
LF:2
LH:2
BRDA:4,0,0,3
BRDA:4,0,1,9
BRF:2
BRH:2
end_of_record
