TN:
SF:public/js/app.js
FN:9,(anonymous_0)
FN:17,(anonymous_1)
FN:25,(anonymous_2)
FN:34,(anonymous_3)
FN:42,(anonymous_4)
FN:50,(anonymous_5)
FN:52,(anonymous_6)
FNF:7
FNH:7
FNDA:3,(anonymous_0)
FNDA:7,(anonymous_1)
FNDA:3,(anonymous_2)
FNDA:4,(anonymous_3)
FNDA:3,(anonymous_4)
FNDA:2,(anonymous_5)
FNDA:2,(anonymous_6)
DA:1,1
DA:2,1
DA:3,1
DA:5,1
DA:6,1
DA:9,1
DA:10,3
DA:11,3
DA:14,1
DA:19,7
DA:20,7
DA:21,4
DA:24,3
DA:25,3
DA:26,3
DA:32,1
DA:36,4
DA:37,4
DA:38,1
DA:41,3
DA:43,3
DA:50,1
DA:51,2
DA:53,2
DA:58,1
LF:25
LH:25
BRDA:11,0,0,1
BRDA:11,0,1,2
BRDA:11,1,0,1
BRDA:11,1,1,2
BRDA:20,2,0,4
BRDA:20,2,1,3
BRDA:37,3,0,1
BRDA:37,3,1,3
BRF:8
BRH:8
end_of_record
TN:
SF:public/js/teams.js
FN:10,(anonymous_0)
FN:13,(anonymous_1)
FN:20,(anonymous_2)
FN:21,(anonymous_3)
FN:23,(anonymous_4)
FN:28,(anonymous_5)
FN:37,(anonymous_6)
FN:38,(anonymous_7)
FN:40,(anonymous_8)
FN:40,(anonymous_9)
FN:42,(anonymous_10)
FN:45,(anonymous_11)
FN:57,(anonymous_12)
FN:58,(anonymous_13)
FN:64,(anonymous_14)
FN:66,(anonymous_15)
FNF:16
FNH:16
FNDA:5,(anonymous_0)
FNDA:81,(anonymous_1)
FNDA:3,(anonymous_2)
FNDA:3,(anonymous_3)
FNDA:29,(anonymous_4)
FNDA:1,(anonymous_5)
FNDA:3,(anonymous_6)
FNDA:3,(anonymous_7)
FNDA:63,(anonymous_8)
FNDA:23,(anonymous_9)
FNDA:21,(anonymous_10)
FNDA:1,(anonymous_11)
FNDA:2,(anonymous_12)
FNDA:2,(anonymous_13)
FNDA:21,(anonymous_14)
FNDA:1,(anonymous_15)
DA:1,1
DA:2,1
DA:3,1
DA:4,1
DA:7,1
DA:9,1
DA:12,5
DA:13,81
DA:14,4
DA:17,1
DA:21,3
DA:23,29
DA:24,2
DA:26,1
DA:28,1
DA:29,1
DA:31,1
DA:38,3
DA:40,63
DA:42,21
DA:43,1
DA:45,1
DA:46,1
DA:48,1
DA:52,2
DA:58,2
DA:60,2
DA:61,2
DA:62,1
DA:64,21
DA:66,1
DA:67,1
DA:69,1
LF:33
LH:33
BRDA:7,0,0,0
BRDA:7,0,1,1
BRDA:12,1,0,4
BRDA:12,1,1,1
BRDA:14,2,0,2
BRDA:14,2,1,2
BRDA:23,3,0,2
BRDA:23,3,1,1
BRDA:23,4,0,29
BRDA:23,4,1,28
BRDA:29,5,0,0
BRDA:29,5,1,1
BRDA:40,6,0,1
BRDA:40,6,1,2
BRDA:40,7,0,3
BRDA:40,7,1,2
BRDA:40,8,0,23
BRDA:40,8,1,1
BRDA:46,9,0,0
BRDA:46,9,1,1
BRDA:61,10,0,1
BRDA:61,10,1,1
BRDA:67,11,0,0
BRDA:67,11,1,1
BRF:24
BRH:20
end_of_record
TN:
SF:public/js/utils.js
FN:2,(anonymous_0)
FNF:1
FNH:1
FNDA:12,(anonymous_0)
DA:1,2
DA:3,12
LF:2
LH:2
BRDA:4,0,0,3
BRDA:4,0,1,9
BRF:2
BRH:2
end_of_record
